<?xml version="1.0" encoding="UTF-8"?>
<!-- Generated by org.testng.reporters.JUnitReportReporter -->
<testsuite skipped="0" hostname="zj-PC" name="docmanage.AddDocumentTest" tests="1" failures="0" timestamp="08 六月 2019 12:14:03 GMT" time="4.612" errors="0">
  <testcase name="addDocument" time="4.612" classname="docmanage.AddDocumentTest"/>
</testsuite> <!-- docmanage.AddDocumentTest -->
