<?xml version="1.0" encoding="UTF-8"?>
<!-- Generated by org.testng.reporters.JUnitReportReporter -->
<testsuite skipped="0" hostname="zj-PC" name="com.hsbc.scf.selenium.NewTest" tests="1" failures="0" timestamp="15 六月 2019 02:19:39 GMT" time="6.254" errors="0">
  <testcase name="f" time="6.254" classname="com.hsbc.scf.selenium.NewTest"/>
</testsuite> <!-- com.hsbc.scf.selenium.NewTest -->
