<?xml version="1.0" encoding="UTF-8"?>
<!-- Generated by org.testng.reporters.JUnitReportReporter -->
<testsuite skipped="0" hostname="zj-PC" name="docmanage.AddDocumentTest" tests="1" failures="0" timestamp="15 六月 2019 02:19:39 GMT" time="0.000" errors="0">
  <testcase name="addDocument" time="0.000" classname="docmanage.AddDocumentTest"/>
</testsuite> <!-- docmanage.AddDocumentTest -->
